0 info it worked if it ends with ok
1 verbose cli [ '/usr/local/bin/node', '/usr/local/bin/npm', 'publish' ]
2 info using npm@3.3.12
3 info using node@v5.4.1
4 verbose publish [ '.' ]
5 silly cache add args [ '.', null ]
6 verbose cache add spec .
7 silly cache add parsed spec Result {
7 silly cache add   raw: '.',
7 silly cache add   scope: null,
7 silly cache add   name: null,
7 silly cache add   rawSpec: '.',
7 silly cache add   spec: '/home/zjy/WebstormProjects/gulp-test/gulp-url-replace',
7 silly cache add   type: 'directory' }
8 verbose addLocalDirectory /home/zjy/.npm/gulp-url-replace/1.0.0/package.tgz not in flight; packing
9 info lifecycle gulp-url-replace@1.0.0~prepublish: gulp-url-replace@1.0.0
10 silly lifecycle gulp-url-replace@1.0.0~prepublish: no script for prepublish, continuing
11 verbose tar pack [ '/home/zjy/.npm/gulp-url-replace/1.0.0/package.tgz',
11 verbose tar pack   '/home/zjy/WebstormProjects/gulp-test/gulp-url-replace' ]
12 verbose tarball /home/zjy/.npm/gulp-url-replace/1.0.0/package.tgz
13 verbose folder /home/zjy/WebstormProjects/gulp-test/gulp-url-replace
14 verbose addLocalTarball adding from inside cache /home/zjy/.npm/gulp-url-replace/1.0.0/package.tgz
15 silly cache afterAdd gulp-url-replace@1.0.0
16 verbose afterAdd /home/zjy/.npm/gulp-url-replace/1.0.0/package/package.json not in flight; writing
17 verbose afterAdd /home/zjy/.npm/gulp-url-replace/1.0.0/package/package.json written
18 silly publish { name: 'gulp-url-replace',
18 silly publish   version: '1.0.0',
18 silly publish   keywords: [ 'gulpplugin' ],
18 silly publish   description: 'a gulp plugin to replace the resource url,gulpplugin',
18 silly publish   main: 'index.js',
18 silly publish   scripts: { test: 'echo "Error: no test specified" && exit 1' },
18 silly publish   author:
18 silly publish    { name: 'zjy01',
18 silly publish      email: '525315462@qq.com',
18 silly publish      url: 'http://blog.zjy.space' },
18 silly publish   license: 'ISC',
18 silly publish   dependencies: { gulp: '^3.9.1', 'gulp-util': '^3.0.7', through2: '^2.0.1' },
18 silly publish   readme: '## gulp-url-replace [![NPM version][npm-image]][npm-url] \n> gulp构建中用来替换 js，css，img等资源的路径，通常用于从开发文件夹搬运到生产文件夹\n\n### 安装\n```shell\nnpm install gulp-url-replace --save-dev\n```\n\n### 使用\n```js\nvar gulp = require(\'gulp\');\nvar replace = require(\'gulp-url-replace\')\ngulp.task(\'move\', function(){\n    gulp.src(\'./*.html\')\n    .pipe(replace({\n                      \'lib/\': \'<%= stHost %>/node/public/lib/\',\n                      \'img/\':\'<%= stHost %>/node/public/img/\',\n                      \'css/\': \'<%= stHost %>/node/public/css/\',\n                      \'js/\': \'<%= stHost %>/node/public/js/\',\n                  }))\n    .pipe(gulp.dest("../production/views/"))\n})\n```\n\n### API\ngulp-url-replace can be called with a object  \n<pre>replace({ "oldPath":"newPath"[,"oldPath2":"newPath2",...]})</re>\n\n#### oldPath\ntype: String  \nThe string to search for\n\n#### newPath\ntype: String  \nThe string to replace the search\n\n[npm-url]: https://npmjs.org/package/gulp-url-replace\n[npm-image]: https://badge.fury.io/js/gulp-replace.svg',
18 silly publish   readmeFilename: 'README.MD',
18 silly publish   gitHead: 'c1c77e6cc956cbbc89fae4e32c7be47da58ee828',
18 silly publish   _id: 'gulp-url-replace@1.0.0',
18 silly publish   _shasum: '945f06211087e618dd518ee4ffda8d1c5f63f747',
18 silly publish   _from: '.' }
19 verbose getPublishConfig undefined
20 silly mapToRegistry name gulp-url-replace
21 silly mapToRegistry using default registry
22 silly mapToRegistry registry https://registry.npmjs.org/
23 silly mapToRegistry uri https://registry.npmjs.org/gulp-url-replace
24 verbose publish registryBase https://registry.npmjs.org/
25 silly publish uploading /home/zjy/.npm/gulp-url-replace/1.0.0/package.tgz
26 verbose request uri https://registry.npmjs.org/gulp-url-replace
27 verbose request sending authorization for write operation
28 info attempt registry request try #1 at 11:01:06
29 verbose request using bearer token for auth
30 verbose request id 436a79fb6f947672
31 http request PUT https://registry.npmjs.org/gulp-url-replace
32 http 403 https://registry.npmjs.org/gulp-url-replace
33 verbose headers { 'content-type': 'application/json',
33 verbose headers   'cache-control': 'max-age=300',
33 verbose headers   'content-length': '95',
33 verbose headers   'accept-ranges': 'bytes',
33 verbose headers   date: 'Thu, 10 Mar 2016 03:01:10 GMT',
33 verbose headers   via: '1.1 varnish',
33 verbose headers   connection: 'keep-alive',
33 verbose headers   'x-served-by': 'cache-fra1240-FRA',
33 verbose headers   'x-cache': 'MISS',
33 verbose headers   'x-cache-hits': '0',
33 verbose headers   'x-timer': 'S1457578869.204243,VS0,VE1007' }
34 verbose request invalidating /home/zjy/.npm/registry.npmjs.org/gulp-url-replace on PUT
35 error publish Failed PUT 403
36 verbose stack Error: "You cannot publish over the previously published version 1.0.0." : gulp-url-replace
36 verbose stack     at makeError (/usr/local/lib/node_modules/npm/node_modules/npm-registry-client/lib/request.js:264:12)
36 verbose stack     at CachingRegistryClient.<anonymous> (/usr/local/lib/node_modules/npm/node_modules/npm-registry-client/lib/request.js:252:14)
36 verbose stack     at Request._callback (/usr/local/lib/node_modules/npm/node_modules/npm-registry-client/lib/request.js:172:14)
36 verbose stack     at Request.self.callback (/usr/local/lib/node_modules/npm/node_modules/request/request.js:198:22)
36 verbose stack     at emitTwo (events.js:87:13)
36 verbose stack     at Request.emit (events.js:172:7)
36 verbose stack     at Request.<anonymous> (/usr/local/lib/node_modules/npm/node_modules/request/request.js:1082:10)
36 verbose stack     at emitOne (events.js:82:20)
36 verbose stack     at Request.emit (events.js:169:7)
36 verbose stack     at IncomingMessage.<anonymous> (/usr/local/lib/node_modules/npm/node_modules/request/request.js:1009:12)
37 verbose statusCode 403
38 verbose pkgid gulp-url-replace
39 verbose cwd /home/zjy/WebstormProjects/gulp-test/gulp-url-replace
40 error Linux 4.2.0-30-generic
41 error argv "/usr/local/bin/node" "/usr/local/bin/npm" "publish"
42 error node v5.4.1
43 error npm  v3.3.12
44 error code E403
45 error "You cannot publish over the previously published version 1.0.0." : gulp-url-replace
46 error If you need help, you may report this error at:
46 error     <https://github.com/npm/npm/issues>
47 verbose exit [ 1, true ]
